[0.064s] Invoking command in '/home/damber/ros_eris/ros2_ws/build/sensor_range': CMAKE_PREFIX_PATH=${CMAKE_PREFIX_PATH}:/opt/ros/humble /usr/bin/cmake --build /home/damber/ros_eris/ros2_ws/build/sensor_range -- -j8 -l8
[0.107s] [ 50%] [32mBuilding CXX object CMakeFiles/range.dir/src/range.cpp.o[0m
[0.240s] [01m[K/home/damber/ros_eris/ros2_ws/src/sensor_range/src/range.cpp:7:10:[m[K [01;31m[Kfatal error: [m[Ksensor_msgs/msg/range.hpp: No such file or directory
[0.240s]     7 | #include [01;31m[K"sensor_msgs/msg/range.hpp"[m[K
[0.240s]       |          [01;31m[K^~~~~~~~~~~~~~~~~~~~~~~~~~~[m[K
[0.240s] compilation terminated.
[0.249s] gmake[2]: *** [CMakeFiles/range.dir/build.make:76: CMakeFiles/range.dir/src/range.cpp.o] Error 1
[0.249s] gmake[1]: *** [CMakeFiles/Makefile2:137: CMakeFiles/range.dir/all] Error 2
[0.249s] gmake: *** [Makefile:146: all] Error 2
[0.251s] Invoked command in '/home/damber/ros_eris/ros2_ws/build/sensor_range' returned '2': CMAKE_PREFIX_PATH=${CMAKE_PREFIX_PATH}:/opt/ros/humble /usr/bin/cmake --build /home/damber/ros_eris/ros2_ws/build/sensor_range -- -j8 -l8
