[0.000000] (-) TimerEvent: {}
[0.000197] (sensor_range) JobQueued: {'identifier': 'sensor_range', 'dependencies': OrderedDict()}
[0.001579] (sensor_range) JobStarted: {'identifier': 'sensor_range'}
[0.079828] (sensor_range) JobProgress: {'identifier': 'sensor_range', 'progress': 'cmake'}
[0.081000] (sensor_range) JobProgress: {'identifier': 'sensor_range', 'progress': 'build'}
[0.081058] (sensor_range) Command: {'cmd': ['/usr/bin/cmake', '--build', '/home/damber/ros_eris/ros2_ws/build/sensor_range', '--', '-j8', '-l8'], 'cwd': '/home/damber/ros_eris/ros2_ws/build/sensor_range', 'env': OrderedDict([('GJS_DEBUG_TOPICS', 'JS ERROR;JS LOG'), ('LESSOPEN', '| /usr/bin/lesspipe %s'), ('USER', 'damber'), ('LC_TIME', 'dz_BT'), ('GIO_MODULE_DIR', '/home/damber/snap/code/common/.cache/gio-modules'), ('XDG_SESSION_TYPE', 'wayland'), ('GIT_ASKPASS', '/snap/code/146/usr/share/code/resources/app/extensions/git/dist/askpass.sh'), ('GTK_EXE_PREFIX_VSCODE_SNAP_ORIG', ''), ('GDK_BACKEND_VSCODE_SNAP_ORIG', ''), ('SHLVL', '2'), ('LD_LIBRARY_PATH', '/opt/ros/humble/opt/rviz_ogre_vendor/lib:/opt/ros/humble/lib/x86_64-linux-gnu:/opt/ros/humble/lib'), ('HOME', '/home/damber'), ('CHROME_DESKTOP', 'code-url-handler.desktop'), ('sexy_bash_prompt_current_command', ' 1121  colcon build --symlink-install'), ('LOCPATH_VSCODE_SNAP_ORIG', ''), ('OLDPWD', '/home/damber/ros_eris'), ('TERM_PROGRAM_VERSION', '1.84.2'), ('DESKTOP_SESSION', 'ubuntu'), ('GTK_PATH', '/snap/code/146/usr/lib/x86_64-linux-gnu/gtk-3.0'), ('GTK_IM_MODULE_FILE', '/home/damber/snap/code/common/.cache/immodules/immodules.cache'), ('GIO_LAUNCHED_DESKTOP_FILE', '/usr/share/applications/terminator.desktop'), ('ROS_PYTHON_VERSION', '3'), ('GNOME_SHELL_SESSION_MODE', 'ubuntu'), ('GTK_MODULES', 'gail:atk-bridge'), ('GSETTINGS_SCHEMA_DIR_VSCODE_SNAP_ORIG', ''), ('VSCODE_GIT_ASKPASS_MAIN', '/snap/code/146/usr/share/code/resources/app/extensions/git/dist/askpass-main.js'), ('LC_MONETARY', 'dz_BT'), ('VSCODE_GIT_ASKPASS_NODE', '/snap/code/146/usr/share/code/code'), ('MANAGERPID', '1468'), ('SYSTEMD_EXEC_PID', '1686'), ('DBUS_SESSION_BUS_ADDRESS', 'unix:path=/run/user/1000/bus'), ('COLORTERM', 'truecolor'), ('TERMINATOR_DBUS_NAME', 'net.tenshu.Terminator25ef4b219e3b005583550f2b0f9f990c3'), ('GIO_LAUNCHED_DESKTOP_FILE_PID', '3135'), ('IM_CONFIG_PHASE', '1'), ('WAYLAND_DISPLAY', 'wayland-0'), ('COLCON_PREFIX_PATH', '/home/damber/ros_eris/ros2_ws/install:/home/damber/ros_eris/ros2_ws/src/sensor_range/install'), ('ROS_DISTRO', 'humble'), ('LOGNAME', 'damber'), ('sexy_bash_prompt_exit_code', '2'), ('JOURNAL_STREAM', '8:33883'), ('_', '/usr/bin/colcon'), ('ROS_VERSION', '2'), ('XDG_CONFIG_DIRS_VSCODE_SNAP_ORIG', '/etc/xdg/xdg-ubuntu:/etc/xdg'), ('XDG_SESSION_CLASS', 'user'), ('XDG_DATA_DIRS_VSCODE_SNAP_ORIG', '/usr/share/ubuntu:/usr/local/share/:/usr/share/:/var/lib/snapd/desktop'), ('USERNAME', 'damber'), ('TERM', 'xterm-256color'), ('GNOME_DESKTOP_SESSION_ID', 'this-is-deprecated'), ('ROS_LOCALHOST_ONLY', '0'), ('PATH', '/opt/ros/humble/bin:/usr/local/sbin:/usr/local/bin:/usr/sbin:/usr/bin:/sbin:/bin:/usr/games:/usr/local/games:/snap/bin:/snap/bin:/home/damber/.fzf/bin'), ('SESSION_MANAGER', 'local/damberTTRC:@/tmp/.ICE-unix/1662,unix/damberTTRC:/tmp/.ICE-unix/1662'), ('GTK_EXE_PREFIX', '/snap/code/146/usr'), ('INVOCATION_ID', '989536390fe3418ab4afc73c70b7cbf6'), ('XDG_MENU_PREFIX', 'gnome-'), ('LC_ADDRESS', 'dz_BT'), ('sexy_bash_prompt_last_command', ' 1121  colcon build --symlink-install'), ('GNOME_SETUP_DISPLAY', ':1'), ('XDG_RUNTIME_DIR', '/run/user/1000'), ('GDK_BACKEND', 'x11'), ('DISPLAY', ':0'), ('LOCPATH', '/snap/code/146/usr/lib/locale'), ('TERMINATOR_DBUS_PATH', '/net/tenshu/Terminator2'), ('LANG', 'en_US.UTF-8'), ('XDG_CURRENT_DESKTOP', 'Unity'), ('IBUS_DISABLE_SNOOPER', '1'), ('LC_TELEPHONE', 'dz_BT'), ('GIO_MODULE_DIR_VSCODE_SNAP_ORIG', ''), ('XMODIFIERS', '@im=ibus'), ('XDG_SESSION_DESKTOP', 'ubuntu'), ('XAUTHORITY', '/run/user/1000/.mutter-Xwaylandauth.CE2TE2'), ('LS_COLORS', 'rs=0:di=01;34:ln=01;36:mh=00:pi=40;33:so=01;35:do=01;35:bd=40;33;01:cd=40;33;01:or=40;31;01:mi=00:su=37;41:sg=30;43:ca=30;41:tw=30;42:ow=34;42:st=37;44:ex=01;32:*.tar=01;31:*.tgz=01;31:*.arc=01;31:*.arj=01;31:*.taz=01;31:*.lha=01;31:*.lz4=01;31:*.lzh=01;31:*.lzma=01;31:*.tlz=01;31:*.txz=01;31:*.tzo=01;31:*.t7z=01;31:*.zip=01;31:*.z=01;31:*.dz=01;31:*.gz=01;31:*.lrz=01;31:*.lz=01;31:*.lzo=01;31:*.xz=01;31:*.zst=01;31:*.tzst=01;31:*.bz2=01;31:*.bz=01;31:*.tbz=01;31:*.tbz2=01;31:*.tz=01;31:*.deb=01;31:*.rpm=01;31:*.jar=01;31:*.war=01;31:*.ear=01;31:*.sar=01;31:*.rar=01;31:*.alz=01;31:*.ace=01;31:*.zoo=01;31:*.cpio=01;31:*.7z=01;31:*.rz=01;31:*.cab=01;31:*.wim=01;31:*.swm=01;31:*.dwm=01;31:*.esd=01;31:*.jpg=01;35:*.jpeg=01;35:*.mjpg=01;35:*.mjpeg=01;35:*.gif=01;35:*.bmp=01;35:*.pbm=01;35:*.pgm=01;35:*.ppm=01;35:*.tga=01;35:*.xbm=01;35:*.xpm=01;35:*.tif=01;35:*.tiff=01;35:*.png=01;35:*.svg=01;35:*.svgz=01;35:*.mng=01;35:*.pcx=01;35:*.mov=01;35:*.mpg=01;35:*.mpeg=01;35:*.m2v=01;35:*.mkv=01;35:*.webm=01;35:*.webp=01;35:*.ogm=01;35:*.mp4=01;35:*.m4v=01;35:*.mp4v=01;35:*.vob=01;35:*.qt=01;35:*.nuv=01;35:*.wmv=01;35:*.asf=01;35:*.rm=01;35:*.rmvb=01;35:*.flc=01;35:*.avi=01;35:*.fli=01;35:*.flv=01;35:*.gl=01;35:*.dl=01;35:*.xcf=01;35:*.xwd=01;35:*.yuv=01;35:*.cgm=01;35:*.emf=01;35:*.ogv=01;35:*.ogx=01;35:*.aac=00;36:*.au=00;36:*.flac=00;36:*.m4a=00;36:*.mid=00;36:*.midi=00;36:*.mka=00;36:*.mp3=00;36:*.mpc=00;36:*.ogg=00;36:*.ra=00;36:*.wav=00;36:*.oga=00;36:*.opus=00;36:*.spx=00;36:*.xspf=00;36:'), ('VSCODE_GIT_IPC_HANDLE', '/run/user/1000/vscode-git-e2393dc521.sock'), ('TERM_PROGRAM', 'vscode'), ('SSH_AGENT_LAUNCHER', 'gnome-keyring'), ('SSH_AUTH_SOCK', '/run/user/1000/keyring/ssh'), ('GSETTINGS_SCHEMA_DIR', '/home/damber/snap/code/146/.local/share/glib-2.0/schemas'), ('ROS_DOMAIN_ID', '4'), ('AMENT_PREFIX_PATH', '/home/damber/ros_eris/ros2_ws/src/sensor_range/install/sensor_range:/home/damber/ros_eris/ros2_ws/install/sensor_range:/opt/ros/humble'), ('ORIGINAL_XDG_CURRENT_DESKTOP', 'ubuntu:GNOME'), ('SHELL', '/bin/bash'), ('LC_NAME', 'dz_BT'), ('TERMINATOR_UUID', 'urn:uuid:0e16a200-e15b-4c60-b049-95f63600210e'), ('QT_ACCESSIBILITY', '1'), ('NO_AT_BRIDGE', '1'), ('GDMSESSION', 'ubuntu'), ('LESSCLOSE', '/usr/bin/lesspipe %s %s'), ('GTK_PATH_VSCODE_SNAP_ORIG', ''), ('GTK_IM_MODULE_FILE_VSCODE_SNAP_ORIG', ''), ('LC_MEASUREMENT', 'dz_BT'), ('GJS_DEBUG_OUTPUT', 'stderr'), ('LC_IDENTIFICATION', 'dz_BT'), ('VSCODE_GIT_ASKPASS_EXTRA_ARGS', '--ms-enable-electron-run-as-node'), ('QT_IM_MODULE', 'ibus'), ('PWD', '/home/damber/ros_eris/ros2_ws/build/sensor_range'), ('LC_ALL', 'en_US.UTF-8'), ('XDG_CONFIG_DIRS', '/etc/xdg/xdg-ubuntu:/etc/xdg'), ('XDG_DATA_DIRS', '/home/damber/snap/code/146/.local/share:/home/damber/snap/code/146:/snap/code/146/usr/share:/usr/share/ubuntu:/usr/local/share/:/usr/share/:/var/lib/snapd/desktop'), ('PYTHONPATH', '/opt/ros/humble/lib/python3.10/site-packages:/opt/ros/humble/local/lib/python3.10/dist-packages'), ('LC_NUMERIC', 'dz_BT'), ('LC_PAPER', 'dz_BT'), ('COLCON', '1'), ('VTE_VERSION', '6800'), ('CMAKE_PREFIX_PATH', '/home/damber/ros_eris/ros2_ws/src/sensor_range/install/sensor_range:/home/damber/ros_eris/ros2_ws/install/sensor_range:/opt/ros/humble')]), 'shell': False}
[0.099796] (-) TimerEvent: {}
[0.114829] (sensor_range) StdoutLine: {'line': b'\x1b[35m\x1b[1mConsolidate compiler generated dependencies of target range\x1b[0m\n'}
[0.131212] (sensor_range) StdoutLine: {'line': b'[ 50%] \x1b[32mBuilding CXX object CMakeFiles/range.dir/src/range.cpp.o\x1b[0m\n'}
[0.200036] (-) TimerEvent: {}
[0.300423] (-) TimerEvent: {}
[0.400712] (-) TimerEvent: {}
[0.501166] (-) TimerEvent: {}
[0.601540] (-) TimerEvent: {}
[0.701943] (-) TimerEvent: {}
[0.802301] (-) TimerEvent: {}
[0.902668] (-) TimerEvent: {}
[1.003046] (-) TimerEvent: {}
[1.103426] (-) TimerEvent: {}
[1.203875] (-) TimerEvent: {}
[1.304292] (-) TimerEvent: {}
[1.404702] (-) TimerEvent: {}
[1.505075] (-) TimerEvent: {}
[1.605458] (-) TimerEvent: {}
[1.705818] (-) TimerEvent: {}
[1.786475] (sensor_range) StderrLine: {'line': b'\x1b[01m\x1b[K/home/damber/ros_eris/ros2_ws/src/sensor_range/src/range.cpp:34:23:\x1b[m\x1b[K \x1b[01;31m\x1b[Kerror: \x1b[m\x1b[K\xe2\x80\x98\x1b[01m\x1b[Ksensor_range_msgs\x1b[m\x1b[K\xe2\x80\x99 was not declared in this scope; did you mean \xe2\x80\x98\x1b[01m\x1b[Ksensor_msgs\x1b[m\x1b[K\xe2\x80\x99?\n'}
[1.786697] (sensor_range) StderrLine: {'line': b'   34 |     rclcpp::Publisher<\x1b[01;31m\x1b[Ksensor_range_msgs\x1b[m\x1b[K::msg::Range>::SharedPtr publisher_;\n'}
[1.786754] (sensor_range) StderrLine: {'line': b'      |                       \x1b[01;31m\x1b[K^~~~~~~~~~~~~~~~~\x1b[m\x1b[K\n'}
[1.786801] (sensor_range) StderrLine: {'line': b'      |                       \x1b[32m\x1b[Ksensor_msgs\x1b[m\x1b[K\n'}
[1.786849] (sensor_range) StderrLine: {'line': b'\x1b[01m\x1b[K/home/damber/ros_eris/ros2_ws/src/sensor_range/src/range.cpp:34:52:\x1b[m\x1b[K \x1b[01;31m\x1b[Kerror: \x1b[m\x1b[Ktemplate argument 1 is invalid\n'}
[1.786895] (sensor_range) StderrLine: {'line': b'   34 |     rclcpp::Publisher<sensor_range_msgs::msg::Range\x1b[01;31m\x1b[K>\x1b[m\x1b[K::SharedPtr publisher_;\n'}
[1.786941] (sensor_range) StderrLine: {'line': b'      |                                                    \x1b[01;31m\x1b[K^\x1b[m\x1b[K\n'}
[1.786987] (sensor_range) StderrLine: {'line': b'\x1b[01m\x1b[K/home/damber/ros_eris/ros2_ws/src/sensor_range/src/range.cpp:34:55:\x1b[m\x1b[K \x1b[01;31m\x1b[Kerror: \x1b[m\x1b[Kexpected \xe2\x80\x98\x1b[01m\x1b[K;\x1b[m\x1b[K\xe2\x80\x99 at end of member declaration\n'}
[1.787036] (sensor_range) StderrLine: {'line': b'   34 |     rclcpp::Publisher<sensor_range_msgs::msg::Range>::\x1b[01;31m\x1b[KSharedPtr\x1b[m\x1b[K publisher_;\n'}
[1.787083] (sensor_range) StderrLine: {'line': b'      |                                                       \x1b[01;31m\x1b[K^~~~~~~~~\x1b[m\x1b[K\n'}
[1.787130] (sensor_range) StderrLine: {'line': b'      |                                                                \x1b[32m\x1b[K;\x1b[m\x1b[K\n'}
[1.787659] (sensor_range) StderrLine: {'line': b'\x1b[01m\x1b[K/home/damber/ros_eris/ros2_ws/src/sensor_range/src/range.cpp:34:65:\x1b[m\x1b[K \x1b[01;31m\x1b[Kerror: \x1b[m\x1b[K\xe2\x80\x98\x1b[01m\x1b[Kpublisher_\x1b[m\x1b[K\xe2\x80\x99 does not name a type; did you mean \xe2\x80\x98\x1b[01m\x1b[Krmw_publisher_t\x1b[m\x1b[K\xe2\x80\x99?\n'}
[1.787774] (sensor_range) StderrLine: {'line': b'   34 |     rclcpp::Publisher<sensor_range_msgs::msg::Range>::SharedPtr \x1b[01;31m\x1b[Kpublisher_\x1b[m\x1b[K;\n'}
[1.787839] (sensor_range) StderrLine: {'line': b'      |                                                                 \x1b[01;31m\x1b[K^~~~~~~~~~\x1b[m\x1b[K\n'}
[1.787899] (sensor_range) StderrLine: {'line': b'      |                                                                 \x1b[32m\x1b[Krmw_publisher_t\x1b[m\x1b[K\n'}
[1.793202] (sensor_range) StderrLine: {'line': b'\x1b[01m\x1b[K/home/damber/ros_eris/ros2_ws/src/sensor_range/src/range.cpp:\x1b[m\x1b[K In constructor \xe2\x80\x98\x1b[01m\x1b[KMinimalPublisher::MinimalPublisher()\x1b[m\x1b[K\xe2\x80\x99:\n'}
[1.793377] (sensor_range) StderrLine: {'line': b'\x1b[01m\x1b[K/home/damber/ros_eris/ros2_ws/src/sensor_range/src/range.cpp:16:9:\x1b[m\x1b[K \x1b[01;31m\x1b[Kerror: \x1b[m\x1b[K\xe2\x80\x98\x1b[01m\x1b[Kpublisher_\x1b[m\x1b[K\xe2\x80\x99 was not declared in this scope; did you mean \xe2\x80\x98\x1b[01m\x1b[Krmw_publisher_t\x1b[m\x1b[K\xe2\x80\x99?\n'}
[1.793452] (sensor_range) StderrLine: {'line': b'   16 |         \x1b[01;31m\x1b[Kpublisher_\x1b[m\x1b[K = this->create_publisher<sensor_msgs::msg::Range>("topic", 10);\n'}
[1.793514] (sensor_range) StderrLine: {'line': b'      |         \x1b[01;31m\x1b[K^~~~~~~~~~\x1b[m\x1b[K\n'}
[1.793576] (sensor_range) StderrLine: {'line': b'      |         \x1b[32m\x1b[Krmw_publisher_t\x1b[m\x1b[K\n'}
[1.806006] (-) TimerEvent: {}
[1.808347] (sensor_range) StderrLine: {'line': b'\x1b[01m\x1b[K/home/damber/ros_eris/ros2_ws/src/sensor_range/src/range.cpp:\x1b[m\x1b[K In member function \xe2\x80\x98\x1b[01m\x1b[Kvoid MinimalPublisher::timer_callback()\x1b[m\x1b[K\xe2\x80\x99:\n'}
[1.808768] (sensor_range) StderrLine: {'line': b'\x1b[01m\x1b[K/home/damber/ros_eris/ros2_ws/src/sensor_range/src/range.cpp:30:9:\x1b[m\x1b[K \x1b[01;31m\x1b[Kerror: \x1b[m\x1b[K\xe2\x80\x98\x1b[01m\x1b[Kpublisher_\x1b[m\x1b[K\xe2\x80\x99 was not declared in this scope; did you mean \xe2\x80\x98\x1b[01m\x1b[Krmw_publisher_t\x1b[m\x1b[K\xe2\x80\x99?\n'}
[1.808836] (sensor_range) StderrLine: {'line': b'   30 |         \x1b[01;31m\x1b[Kpublisher_\x1b[m\x1b[K->publish(sensor);\n'}
[1.808891] (sensor_range) StderrLine: {'line': b'      |         \x1b[01;31m\x1b[K^~~~~~~~~~\x1b[m\x1b[K\n'}
[1.808962] (sensor_range) StderrLine: {'line': b'      |         \x1b[32m\x1b[Krmw_publisher_t\x1b[m\x1b[K\n'}
[1.812920] (sensor_range) StderrLine: {'line': b'\x1b[01m\x1b[K/home/damber/ros_eris/ros2_ws/src/sensor_range/src/range.cpp:30:29:\x1b[m\x1b[K \x1b[01;31m\x1b[Kerror: \x1b[m\x1b[K\xe2\x80\x98\x1b[01m\x1b[Ksensor\x1b[m\x1b[K\xe2\x80\x99 was not declared in this scope\n'}
[1.813176] (sensor_range) StderrLine: {'line': b'   30 |         publisher_->publish(\x1b[01;31m\x1b[Ksensor\x1b[m\x1b[K);\n'}
[1.813255] (sensor_range) StderrLine: {'line': b'      |                             \x1b[01;31m\x1b[K^~~~~~\x1b[m\x1b[K\n'}
[1.906196] (-) TimerEvent: {}
[2.006563] (-) TimerEvent: {}
[2.106928] (-) TimerEvent: {}
[2.207299] (-) TimerEvent: {}
[2.307663] (-) TimerEvent: {}
[2.317580] (sensor_range) StderrLine: {'line': b'gmake[2]: *** [CMakeFiles/range.dir/build.make:76: CMakeFiles/range.dir/src/range.cpp.o] Error 1\n'}
[2.317923] (sensor_range) StderrLine: {'line': b'gmake[1]: *** [CMakeFiles/Makefile2:137: CMakeFiles/range.dir/all] Error 2\n'}
[2.318146] (sensor_range) StderrLine: {'line': b'gmake: *** [Makefile:146: all] Error 2\n'}
[2.319900] (sensor_range) CommandEnded: {'returncode': 2}
[2.387402] (sensor_range) JobEnded: {'identifier': 'sensor_range', 'rc': 2}
[2.397946] (-) EventReactorShutdown: {}
